2024-11-11 20:07:00,147 - ERROR - Error printing finding: 'MEDIUM'
2024-11-11 20:07:00,147 - ERROR - Error printing finding: 'MEDIUM'
2024-11-11 20:07:00,147 - ERROR - Error printing finding: 'MEDIUM'
2024-11-11 20:07:00,147 - ERROR - Error printing finding: 'HIGH'
2024-11-11 20:07:00,147 - ERROR - Error printing finding: 'HIGH'
2024-11-11 20:07:00,147 - ERROR - Error printing finding: 'MEDIUM'
2024-11-11 20:07:00,147 - ERROR - Error printing finding: 'HIGH'
2024-11-11 20:07:00,147 - ERROR - Error printing finding: 'HIGH'
2024-11-11 20:07:00,147 - ERROR - Error printing finding: 'HIGH'
2024-11-11 20:07:00,157 - ERROR - Error printing finding: 'HIGH'
2024-11-11 20:07:00,157 - ERROR - Error printing finding: 'HIGH'
2024-11-11 20:07:00,157 - ERROR - Error printing finding: 'HIGH'
2024-11-11 20:07:00,157 - ERROR - Error printing finding: 'MEDIUM'
2024-11-11 20:07:00,157 - ERROR - Error printing finding: 'MEDIUM'
2024-11-11 20:07:00,157 - ERROR - Error printing finding: 'HIGH'
2024-11-11 20:07:00,157 - ERROR - Error printing finding: 'HIGH'
2024-11-11 20:07:00,157 - ERROR - Error printing finding: 'HIGH'
2024-11-11 20:07:00,157 - ERROR - Error printing finding: 'MEDIUM'
2024-11-11 20:07:00,157 - ERROR - Error printing finding: 'HIGH'
2024-11-11 20:07:00,157 - ERROR - Error printing finding: 'HIGH'
2024-11-11 20:07:00,157 - ERROR - Error printing finding: 'HIGH'
2024-11-11 20:07:00,157 - ERROR - Error printing finding: 'HIGH'
2024-11-11 20:07:00,157 - ERROR - Error printing finding: 'HIGH'
2024-11-11 20:07:00,157 - ERROR - Error printing finding: 'HIGH'
2024-11-11 20:07:00,157 - ERROR - Error printing finding: 'HIGH'
2024-11-11 20:07:00,157 - ERROR - Error printing finding: 'HIGH'
2024-11-11 20:07:00,157 - ERROR - Error printing finding: 'HIGH'
2024-11-11 20:07:00,157 - ERROR - Error printing finding: 'HIGH'
2024-11-11 20:07:00,157 - ERROR - Error printing finding: 'MEDIUM'
2024-11-11 20:07:00,157 - ERROR - Error printing finding: 'HIGH'
2024-11-11 20:07:00,157 - ERROR - Error printing finding: 'HIGH'
2024-11-11 20:07:00,157 - ERROR - Error printing finding: 'HIGH'
2024-11-11 20:07:00,157 - ERROR - Error printing finding: 'HIGH'
2024-11-11 20:07:00,157 - ERROR - Error printing finding: 'HIGH'
2024-11-11 20:07:00,157 - ERROR - Error printing finding: 'HIGH'
2024-11-11 20:07:00,157 - ERROR - Error printing finding: 'MEDIUM'
2024-11-11 20:07:00,157 - ERROR - Error printing finding: 'MEDIUM'
2024-11-11 20:07:00,157 - ERROR - Error printing finding: 'MEDIUM'
2024-11-11 20:07:00,157 - ERROR - Error printing finding: 'MEDIUM'
2024-11-11 20:07:00,157 - ERROR - Error printing finding: 'HIGH'
2024-11-11 20:07:00,157 - ERROR - Error printing finding: 'MEDIUM'
2024-11-11 20:07:00,157 - ERROR - Error printing finding: 'MEDIUM'
2024-11-11 20:07:00,157 - ERROR - Error printing finding: 'MEDIUM'
2024-11-11 20:07:00,157 - ERROR - Error printing finding: 'CRITICAL'
2024-11-11 20:07:00,157 - ERROR - Error printing finding: 'HIGH'
2024-11-11 20:07:00,157 - ERROR - Error printing finding: 'CRITICAL'
2024-11-11 20:07:00,157 - ERROR - Error printing finding: 'HIGH'
2024-11-11 20:07:00,157 - ERROR - Error printing finding: 'CRITICAL'
2024-11-11 20:07:00,157 - ERROR - Error printing finding: 'HIGH'
2024-11-11 20:07:00,157 - ERROR - Error printing finding: 'HIGH'
2024-11-11 20:07:00,157 - ERROR - Error printing finding: 'HIGH'
2024-11-11 20:07:00,157 - ERROR - Error printing finding: 'MEDIUM'
2024-11-11 20:07:00,157 - ERROR - Error printing finding: 'HIGH'
2024-11-11 20:07:00,157 - ERROR - Error printing finding: 'HIGH'
2024-11-11 20:07:00,157 - ERROR - Error printing finding: 'HIGH'
2024-11-11 20:07:00,157 - ERROR - Error printing finding: 'HIGH'
2024-11-11 20:07:00,157 - ERROR - Error printing finding: 'HIGH'
2024-11-11 20:07:00,157 - ERROR - Error printing finding: 'HIGH'
2024-11-11 20:07:00,157 - ERROR - Error printing finding: 'HIGH'
2024-11-11 20:07:00,157 - ERROR - Error printing finding: 'HIGH'
2024-11-11 20:07:00,157 - ERROR - Error printing finding: 'HIGH'
2024-11-11 20:07:00,157 - ERROR - Error printing finding: 'HIGH'
2024-11-11 20:07:00,157 - ERROR - Error printing finding: 'HIGH'
2024-11-11 20:07:00,157 - ERROR - Error printing finding: 'HIGH'
2024-11-11 20:07:00,157 - ERROR - Error printing finding: 'HIGH'
2024-11-11 20:07:00,157 - ERROR - Error printing finding: 'HIGH'
2024-11-11 20:07:00,157 - ERROR - Error printing finding: 'HIGH'
2024-11-11 20:07:00,163 - INFO - Findings successfully exported to Workspaces\Test\security_scan_report.csv
2024-11-11 20:07:00,178 - INFO - HTML report successfully generated: Workspaces\Test\security_scan_report.html
